Subgroup	Sample	Type	Normalized_depth
b1	C001-CHA-E01	Control	0.292071127909973
b1	C002-CHA-E02	Control	0.274560274560275
b1	C003-CHA-E03	Control	0.363121069878664
b1	C004-CHA-E04	Control	0.261483482959993
b1	C005-CHA-E05	CON	0.325453922576225
b1	C006-CHA-E06	Control	0.522752592338675
b1	C007-CHA-E07	r3-r4-g1-g2-b4	0.266781411359725
b1	C008-CHA-E08	Control	0.283993115318417
b1	C010-CHA-E10	r1-r2-gy1	0.277056277056277
b1	C011-CHA-E11	r3-r4-g2-b3-gy1	0.328407224958949
b1	C012-CHA-E12	Control	0.367615627938788
b1	C013-CHA-E13	Control	0.321907081955803
b1	C014-CHA-E14	Control	0.369606326285027
b1	C015-CHA-E15	Control	0.384447356924421
b1	C016-CHA-E16	r3-r4-g1-g2-b4	0.249569707401033
b1	C017-CHA-E17	Control	0.426949022286739
b1	C018-CHA-E18	Control	0.303214069132808
b1	C019-CHA-E19	Control	0.3003003003003
b1	C020-CHA-E20	Control	0.371169615882607
b1	C021-CHA-S01	Control	0.303214069132808
b1	C021-CHA-S01_2	Control	0.296528867957439
b1	C022-CHA-S02	Control	0.268887154133056
b1	C023-CHA-S03	Control	0.286408609616386
b1	C023-CHA-S03_2	Control	0.145947802197802
b1	C024-CHA-S04	r1-r2-gy1	0.215796288303841
b1	C024-CHA-S04_2	Control	0.324481256937922
b1	C025-CHA-S05	CON	0.213730016243481
b1	C026-CHA-S06	Control	0.451584889274859
b1	C027-CHA-S07	Control	0.470096630974145
b1	C028-CHA-S08	Control	0.416594341260198
b1	C029-CHA-S09	Control	0.476479251494412
b1	C030-CHA-S10	Control	0.249419454717468
b1	C035-CHA-S15	Control	0.288511977618465
b1	C036-CHA-S16	r1-r2-gy1	0.351147653305927
b1	C037-CHA-S17	Control	0.407667620782375
b1	C038-CHA-S18	Control	0.321515467500869
b1	C039-CHA-S19	Control	0.320152288656226
b1	C040-CHA-S20	Control	0.395392814165377
b1	C041-CHA-N01	Control	0.276052449965493
b1	C042-CHA-N02	Control	0.341177499781297
b1	C044-CHA-N04	Control	0.313397753982763
b1	C045-CHA-N05	Control	0.308694906534042
b1	C046-CHA-N06	r3-r4-g1-g2-b4	0.239664469742361
b1	C047-CHA-N07	r3-r4-g1-g2-b4	0.222412318220701
b1	C048-CHA-N08	Control	0.405697022011221
b1	C049-CHA-N09	Control	0.286050816086152
b1	C050-CHA-N10	CON	0.413579183181113
b1	C051-CHA-N11	CON	0.355193623841289
b1	C052-CHA-N12	r3-r4-g2-b3-gy1	0.287631831255992
b1	C054-CHA-N14	Control	0.374108230381068
b1	C055-CHA-N15	CON	0.268073331027326
b1	C056-CHA-N16	Control	0.316288877174486
b1	C057-CHA-N17	Control	0.2794271742927
b1	C058-CHA-N18	Control	0.294637595757219
b1	C059-CHA-N19	r3-r4-g2-b3-gy1	0.269541778975741
b1	C061-CHA-NE01	CON	0.427089688834655
b1	C062-CHA-NE02	Control	0.390794615718628
b1	C063-CHA-NE03	Control	0.390083217753121
b1	C064-CHA-NE04	r3-r4-g1-g2-b4	0.374108230381068
b1	C066-CHA-NE06	Control	0.387051372273047
b1	C067-CHA-NE07	Control	0.380952380952381
b1	C069-CHA-NE09	Control	0.347584289190129
b1	C070-CHA-NE10	Control	0.328606018678658
b1	C071-CHA-NE11	Control	0.261272650653182
b1	C072-CHA-NE12	Control	0.30229746070133
b1	C073-CHA-NE13	r3-r4-g1-g2-b4	0.454740454740455
b1	C074-CHA-NE14	Control	0.300480769230769
b1	C075-CHA-NE15	CON	0.293660390395578
b1	C076-CHA-NE16	Control	0.39198606271777
b1	C077-CHA-NE17	r3-r4-g2-b3-gy1	0.300842358604091
b1	C078-CHA-NE18	r3-r4-g1-g2-b4	0.40915817881083
b1	C079-CHA-NE19	Control	0.448075909330522
b1	C081-CHA-C01	r1-r2-gy1	0.388903292714545
b1	C082-CHA-C02	Control	0.34992564080133
b1	C083-CHA-C03	r3-r4-g1-g2-b4	0.354548599100657
b1	C084-CHA-C04	Control	0.303214069132808
b1	C086-CHA-C06	Control	0.197425570559899
b1	C087-CHA-C07	Control	0.291185034853966
b1	C088-CHA-C08	Control	0.422498019540533
b1	C089-CHA-C09	Control	0.283480800618504
b1	C090-CHA-C10	Control	0.2990851513019
b1	C091-CHA-C11	r3-r4-g1-g2-b4	0.351991758241758
b1	C094-CHA-C14	r3-r4-g1-g2-b4	0.347161951050165
b1	C095-CHA-C15	CON	0.291021141830009
b1	C096-CHA-C16	r3-r4-g2-b3-gy1	0.302480338777979
b1	C097-CHA-C17	Control	0.371618701927232
b1	C099-CHA-C19	Control	0.417863671977018
b1	C100-CHA-C20	Control	0.362756952841596
b1	C102-CZA02	Control	0.342400608712193
b1	C107-CZA07	r3-r4-g1-g2-b4	0.477347682693977
b1	C111-CUG03	Control	0.252459301819448
b1	C112-CUG04	r1-r2-gy1	0.270529714634785
b1	C114-CMG01	Control	0.317079441254606
b1	C116-CMG03	CON	0.274230868112092
b1	C117-CMG04	Control	0.334018499486125
b1	C118-CMG05	Control	0.326825492388406
b1	C120-CKZ02	CON	0.538101024127756
b1	C121-CKZ03	CON	0.309214594928881
b1	C122-CKZ04	CON	0.411666812647806
b1	C127-CZH04	Control	0.309251782492913
b1	C134-CMH01	Control	0.432900432900433
b1	C137-CMH04	Control	0.419653785626858
b1	C138-CMH05	Control	0.342377813917658
b1	C139-CBY01	Control	0.294908491629803
b1	C142-CHU01	Control	0.361663652802893
b1	C144-CHU03	Control	0.30229746070133
b1	C145-CMA01	Control	0.343527440301634
b1	C148-CTJ01	Control	0.326825492388406
b1	C149-CTJ02	Control	0.314933076721197
b1	C150-CTJ03	r1-r2-gy1	0.2999400119976
b1	C151-CHA-E21	Control	0.254475254475254
b1	C152-CKZ06	Control	0.299823633156966
b1	C153-CHA-S21	Control	0.383928571428571
b1	C154-CBA01	r3-r4-g1-g2-b4	0.362537764350453
b1	C156-CBA03	Control	0.285714285714286
b1	KOR01	Control	0.330844927044452
b1	KOR02	Control	0.255406095692151
b1	KOR03	Control	0.242840395243678
b1	KOR04	CON	0.259284041485447
b1	KOR05	Control	0.277801161713949
b1	KOR07	CON	0.275367156208278
b1/b2	C001-CHA-E01	Control	0.727965159715009
b1/b2	C002-CHA-E02	Control	0.65503003003003
b1/b2	C003-CHA-E03	Control	0.701034860985264
b1/b2	C004-CHA-E04	Control	0.638785660140145
b1/b2	C005-CHA-E05	CON	0.663161778269693
b1/b2	C006-CHA-E06	Control	0.684786119699138
b1/b2	C007-CHA-E07	r3-r4-g1-g2-b4	0.607043558850787
b1/b2	C008-CHA-E08	Control	0.662650602409638
b1/b2	C010-CHA-E10	r1-r2-gy1	0.707070707070707
b1/b2	C011-CHA-E11	r3-r4-g2-b3-gy1	0.724091395597749
b1/b2	C012-CHA-E12	Control	0.670075984259108
b1/b2	C013-CHA-E13	Control	0.647768796368066
b1/b2	C014-CHA-E14	Control	0.675527841592824
b1/b2	C015-CHA-E15	Control	0.686683347233806
b1/b2	C016-CHA-E16	r3-r4-g1-g2-b4	0.709916589434661
b1/b2	C017-CHA-E17	Control	0.663938571888362
b1/b2	C018-CHA-E18	Control	0.691879375930316
b1/b2	C019-CHA-E19	Control	0.733460733460734
b1/b2	C020-CHA-E20	Control	0.654427143853127
b1/b2	C021-CHA-S01	Control	0.666152121579653
b1/b2	C021-CHA-S01_2	Control	0.642434488588335
b1/b2	C022-CHA-S02	Control	0.719397987157549
b1/b2	C023-CHA-S03	Control	0.659874754649967
b1/b2	C023-CHA-S03_2	Control	0.614829881656805
b1/b2	C024-CHA-S04	r1-r2-gy1	0.677666744132002
b1/b2	C024-CHA-S04_2	Control	0.681048379793149
b1/b2	C025-CHA-S05	CON	0.613858513319913
b1/b2	C026-CHA-S06	Control	0.664016834229599
b1/b2	C027-CHA-S07	Control	0.695252340590549
b1/b2	C028-CHA-S08	Control	0.632769417702588
b1/b2	C029-CHA-S09	Control	0.697858842188739
b1/b2	C030-CHA-S10	Control	0.675218820914185
b1/b2	C035-CHA-S15	Control	0.725920346483382
b1/b2	C036-CHA-S16	r1-r2-gy1	0.663161778269693
b1/b2	C037-CHA-S17	Control	0.618548876745597
b1/b2	C038-CHA-S18	Control	0.597213005972129
b1/b2	C039-CHA-S19	Control	0.709395591285355
b1/b2	C040-CHA-S20	Control	0.687379207234803
b1/b2	C041-CHA-N01	Control	0.671683389074694
b1/b2	C042-CHA-N02	Control	0.689872933251684
b1/b2	C044-CHA-N04	Control	0.664783114508892
b1/b2	C045-CHA-N05	Control	0.682091018225472
b1/b2	C046-CHA-N06	r3-r4-g1-g2-b4	0.698113550120739
b1/b2	C047-CHA-N07	r3-r4-g1-g2-b4	0.649609871166757
b1/b2	C048-CHA-N08	Control	0.670230072042762
b1/b2	C049-CHA-N09	Control	0.680438524961493
b1/b2	C050-CHA-N10	CON	0.660708411009979
b1/b2	C051-CHA-N11	CON	0.712786304053739
b1/b2	C052-CHA-N12	r3-r4-g2-b3-gy1	0.634914582062234
b1/b2	C054-CHA-N14	Control	0.729893330380541
b1/b2	C055-CHA-N15	CON	0.736636245110822
b1/b2	C056-CHA-N16	Control	0.650960355757404
b1/b2	C057-CHA-N17	Control	0.684596577017115
b1/b2	C058-CHA-N18	Control	0.633024410278387
b1/b2	C059-CHA-N19	r3-r4-g2-b3-gy1	0.656397771431248
b1/b2	C061-CHA-NE01	CON	0.687098136762567
b1/b2	C062-CHA-NE02	Control	0.738835632452653
b1/b2	C063-CHA-NE03	Control	0.642270351008215
b1/b2	C064-CHA-NE04	r3-r4-g1-g2-b4	0.66530100025837
b1/b2	C066-CHA-NE06	Control	0.728495642288746
b1/b2	C067-CHA-NE07	Control	0.671328671328671
b1/b2	C069-CHA-NE09	Control	0.642897248736664
b1/b2	C070-CHA-NE10	Control	0.677782669308093
b1/b2	C071-CHA-NE11	Control	0.689192813086618
b1/b2	C072-CHA-NE12	Control	0.604594921402661
b1/b2	C073-CHA-NE13	r3-r4-g1-g2-b4	0.685608685608686
b1/b2	C074-CHA-NE14	Control	0.656434911242604
b1/b2	C075-CHA-NE15	CON	0.676963101388737
b1/b2	C076-CHA-NE16	Control	0.655487804878049
b1/b2	C077-CHA-NE17	r3-r4-g2-b3-gy1	0.68555592021296
b1/b2	C078-CHA-NE18	r3-r4-g1-g2-b4	0.634140767824498
b1/b2	C079-CHA-NE19	Control	0.729620932572962
b1/b2	C081-CHA-C01	r1-r2-gy1	0.664526036576854
b1/b2	C082-CHA-C02	Control	0.671722643553629
b1/b2	C083-CHA-C03	r3-r4-g1-g2-b4	0.677966101694916
b1/b2	C084-CHA-C04	Control	0.727713765918738
b1/b2	C086-CHA-C06	Control	0.601267168431348
b1/b2	C087-CHA-C07	Control	0.689726168416717
b1/b2	C088-CHA-C08	Control	0.667488190593551
b1/b2	C089-CHA-C09	Control	0.66783286867472
b1/b2	C090-CHA-C10	Control	0.635006157635468
b1/b2	C091-CHA-C11	r3-r4-g1-g2-b4	0.636643629807693
b1/b2	C094-CHA-C14	r3-r4-g1-g2-b4	0.758014767735302
b1/b2	C095-CHA-C15	CON	0.684496250703559
b1/b2	C096-CHA-C16	r3-r4-g2-b3-gy1	0.739913444087674
b1/b2	C097-CHA-C17	Control	0.698031551026107
b1/b2	C099-CHA-C19	Control	0.686260722823794
b1/b2	C100-CHA-C20	Control	0.66412426751
b1/b2	C102-CZA02	Control	0.71117298147924
b1/b2	C107-CZA07	r3-r4-g1-g2-b4	0.715020095336012
b1/b2	C111-CUG03	Control	0.654385224769137
b1/b2	C112-CUG04	r1-r2-gy1	0.699215262440675
b1/b2	C114-CMG01	Control	0.7262183926851
b1/b2	C116-CMG03	CON	0.698042209739871
b1/b2	C117-CMG04	Control	0.692173533900153
b1/b2	C118-CMG05	Control	0.688185986199231
b1/b2	C120-CKZ02	CON	0.661843219558893
b1/b2	C121-CKZ03	CON	0.637755102040817
b1/b2	C122-CKZ04	CON	0.643776824034336
b1/b2	C127-CZH04	Control	0.659576067348166
b1/b2	C134-CMH01	Control	0.704895104895105
b1/b2	C137-CMH04	Control	0.667457160342717
b1/b2	C138-CMH05	Control	0.679957150897833
b1/b2	C139-CBY01	Control	0.604318457802064
b1/b2	C142-CHU01	Control	0.560620813785371
b1/b2	C144-CHU03	Control	0.68337547176725
b1/b2	C145-CMA01	Control	0.672230994811641
b1/b2	C148-CTJ01	Control	0.637243551150836
b1/b2	C149-CTJ02	Control	0.618022516369117
b1/b2	C150-CTJ03	r1-r2-gy1	0.696783720179042
b1/b2	C151-CHA-E21	Control	0.741825741825743
b1/b2	C152-CKZ06	Control	0.641601197156752
b1/b2	C153-CHA-S21	Control	0.6171875
b1/b2	C154-CBA01	r3-r4-g1-g2-b4	0.689199395770394
b1/b2	C156-CBA03	Control	0.689044289044289
b1/b2	KOR01	Control	0.668502123371482
b1/b2	KOR02	Control	0.660057066493301
b1/b2	KOR03	Control	0.633237415183489
b1/b2	KOR04	CON	0.647576467248598
b1/b2	KOR05	Control	0.658023963857787
b1/b2	KOR07	CON	0.677039082412915
b3	C001-CHA-E01	Control	0.408899579073963
b3	C002-CHA-E02	Control	0.24024024024024
b3	C003-CHA-E03	Control	0.483570985740856
b3	C004-CHA-E04	Control	0.317266625991458
b3	C005-CHA-E05	CON	0.719424460431655
b3	C006-CHA-E06	Control	0.359928014397121
b3	C007-CHA-E07	r3-r4-g1-g2-b4	0.710843373493976
b3	C008-CHA-E08	Control	0.289156626506024
b3	C010-CHA-E10	r1-r2-gy1	0.278787878787879
b3	C011-CHA-E11	r3-r4-g2-b3-gy1	0
b3	C012-CHA-E12	Control	0.323159784560144
b3	C013-CHA-E13	Control	0.23142509135201
b3	C014-CHA-E14	Control	0.312876052948255
b3	C015-CHA-E15	Control	0.293577981651376
b3	C016-CHA-E16	r3-r4-g1-g2-b4	0.650602409638554
b3	C017-CHA-E17	Control	0.310818888224746
b3	C018-CHA-E18	Control	0.424499696785931
b3	C019-CHA-E19	Control	0.276276276276276
b3	C020-CHA-E20	Control	0.253776435045317
b3	C021-CHA-S01	Control	0.363856882959369
b3	C021-CHA-S01_2	Control	0.305250305250305
b3	C022-CHA-S02	Control	0.376442015786278
b3	C023-CHA-S03	Control	0.473876063183475
b3	C023-CHA-S03_2	Control	0.348557692307692
b3	C024-CHA-S04	r1-r2-gy1	0
b3	C024-CHA-S04_2	Control	0.334728033472803
b3	C025-CHA-S05	CON	0.562537402752843
b3	C026-CHA-S06	Control	0.279635258358663
b3	C027-CHA-S07	Control	0.438756855575868
b3	C028-CHA-S08	Control	0.279465370595383
b3	C029-CHA-S09	Control	0.351728320194057
b3	C030-CHA-S10	Control	0.0963275135460566
b3	C035-CHA-S15	Control	0.391676866585067
b3	C036-CHA-S16	r1-r2-gy1	0.371702637889688
b3	C037-CHA-S17	Control	0.315725561627201
b3	C038-CHA-S18	Control	0.267639902676399
b3	C039-CHA-S19	Control	0.399757722592368
b3	C040-CHA-S20	Control	0.276774969915764
b3	C041-CHA-N01	Control	0.253623188405797
b3	C042-CHA-N02	Control	0.306184935701164
b3	C044-CHA-N04	Control	0.329067641681901
b3	C045-CHA-N05	Control	0.168067226890756
b3	C046-CHA-N06	r3-r4-g1-g2-b4	0.347513481126423
b3	C047-CHA-N07	r3-r4-g1-g2-b4	0.323353293413174
b3	C048-CHA-N08	Control	0.229607250755287
b3	C049-CHA-N09	Control	0.117785630153121
b3	C050-CHA-N10	CON	0.639324487334138
b3	C051-CHA-N11	CON	0.67919951485749
b3	C052-CHA-N12	r3-r4-g2-b3-gy1	0
b3	C054-CHA-N14	Control	0.341047503045067
b3	C055-CHA-N15	CON	0.617433414043584
b3	C056-CHA-N16	Control	0.27060270602706
b3	C057-CHA-N17	Control	0.537897310513447
b3	C058-CHA-N18	Control	0.56570418385386
b3	C059-CHA-N19	r3-r4-g2-b3-gy1	0
b3	C061-CHA-NE01	CON	0.73215375228798
b3	C062-CHA-NE02	Control	0.194528875379939
b3	C063-CHA-NE03	Control	0.37621359223301
b3	C064-CHA-NE04	r3-r4-g1-g2-b4	0.669914738124239
b3	C066-CHA-NE06	Control	0.320197044334975
b3	C067-CHA-NE07	Control	0.363636363636364
b3	C069-CHA-NE09	Control	0.401459854014599
b3	C070-CHA-NE10	Control	0.411622276029056
b3	C071-CHA-NE11	Control	0.271386430678466
b3	C072-CHA-NE12	Control	0.30229746070133
b3	C073-CHA-NE13	r3-r4-g1-g2-b4	0.552552552552553
b3	C074-CHA-NE14	Control	0.240384615384615
b3	C075-CHA-NE15	CON	0.592503022974607
b3	C076-CHA-NE16	Control	0.25609756097561
b3	C077-CHA-NE17	r3-r4-g2-b3-gy1	0
b3	C078-CHA-NE18	r3-r4-g1-g2-b4	0.450944546008531
b3	C079-CHA-NE19	Control	0.38130381303813
b3	C081-CHA-C01	r1-r2-gy1	0.229885057471264
b3	C082-CHA-C02	Control	0.220453153704838
b3	C083-CHA-C03	r3-r4-g1-g2-b4	0.351089588377724
b3	C084-CHA-C04	Control	0.363856882959369
b3	C086-CHA-C06	Control	0.243228302929795
b3	C087-CHA-C07	Control	0.333539221741816
b3	C088-CHA-C08	Control	0.258780036968577
b3	C089-CHA-C09	Control	0.312687913409501
b3	C090-CHA-C10	Control	0.41871921182266
b3	C091-CHA-C11	r3-r4-g1-g2-b4	0.841346153846154
b3	C094-CHA-C14	r3-r4-g1-g2-b4	0.838396111786148
b3	C095-CHA-C15	CON	0.539245056920312
b3	C096-CHA-C16	r3-r4-g2-b3-gy1	0
b3	C097-CHA-C17	Control	0.399274047186933
b3	C099-CHA-C19	Control	0.304692260816575
b3	C100-CHA-C20	Control	0.290205562273277
b3	C102-CZA02	Control	0.386151797603196
b3	C107-CZA07	r3-r4-g1-g2-b4	0.486026731470231
b3	C111-CUG03	Control	0.329067641681901
b3	C112-CUG04	r1-r2-gy1	0.0122174709835064
b3	C114-CMG01	Control	0.2999400119976
b3	C116-CMG03	CON	0.551889622075585
b3	C117-CMG04	Control	0.371702637889688
b3	C118-CMG05	Control	0.373269114990969
b3	C120-CKZ02	CON	0.558930741190765
b3	C121-CKZ03	CON	0.593692022263451
b3	C122-CKZ04	CON	0.625383200490497
b3	C127-CZH04	Control	0.240529164161155
b3	C134-CMH01	Control	0.496969696969697
b3	C137-CMH04	Control	0.305997552019584
b3	C138-CMH05	Control	0.323547034152187
b3	C139-CBY01	Control	0.352155434122647
b3	C142-CHU01	Control	0.204479065238559
b3	C144-CHU03	Control	0.459492140266022
b3	C145-CMA01	Control	0.140762463343109
b3	C148-CTJ01	Control	0.409391932570741
b3	C149-CTJ02	Control	0.35517452541335
b3	C150-CTJ03	r1-r2-gy1	0
b3	C151-CHA-E21	Control	0.405405405405405
b3	C152-CKZ06	Control	0.222222222222222
b3	C153-CHA-S21	Control	0.35
b3	C154-CBA01	r3-r4-g1-g2-b4	0.217522658610272
b3	C156-CBA03	Control	0.327272727272727
b3	KOR01	Control	0.201900237529691
b3	KOR02	Control	0.250297973778307
b3	KOR03	Control	0.175849941383353
b3	KOR04	CON	0.480093676814988
b3	KOR05	Control	0.212139068945197
b3	KOR07	CON	0.619158878504673
b4	C001-CHA-E01	Control	0.330727600721588
b4	C002-CHA-E02	Control	0.24024024024024
b4	C003-CHA-E03	Control	0.402975821450713
b4	C004-CHA-E04	Control	0.305064063453325
b4	C005-CHA-E05	CON	0
b4	C006-CHA-E06	Control	0.20995800839832
b4	C007-CHA-E07	r3-r4-g1-g2-b4	0
b4	C008-CHA-E08	Control	0.210843373493976
b4	C010-CHA-E10	r1-r2-gy1	0
b4	C011-CHA-E11	r3-r4-g2-b3-gy1	0.272232304900181
b4	C012-CHA-E12	Control	0.269299820466786
b4	C013-CHA-E13	Control	0.243605359317905
b4	C014-CHA-E14	Control	0.421179302045728
b4	C015-CHA-E15	Control	0.336391437308868
b4	C016-CHA-E16	r3-r4-g1-g2-b4	0
b4	C017-CHA-E17	Control	0.298864315600717
b4	C018-CHA-E18	Control	0.515463917525773
b4	C019-CHA-E19	Control	0.24024024024024
b4	C020-CHA-E20	Control	0.211480362537764
b4	C021-CHA-S01	Control	0.212249848392965
b4	C021-CHA-S01_2	Control	0.549450549450549
b4	C022-CHA-S02	Control	0.394656952034001
b4	C023-CHA-S03	Control	0.455650060753341
b4	C023-CHA-S03_2	Control	0.390625
b4	C024-CHA-S04	r1-r2-gy1	0.27190332326284
b4	C024-CHA-S04_2	Control	0.298864315600717
b4	C025-CHA-S05	CON	0
b4	C026-CHA-S06	Control	0.212765957446809
b4	C027-CHA-S07	Control	0.578915295551493
b4	C028-CHA-S08	Control	0.607533414337789
b4	C029-CHA-S09	Control	0.39417828987265
b4	C030-CHA-S10	Control	0.240818783865141
b4	C035-CHA-S15	Control	0.305997552019584
b4	C036-CHA-S16	r1-r2-gy1	0
b4	C037-CHA-S17	Control	0.303582270795386
b4	C038-CHA-S18	Control	0.24330900243309
b4	C039-CHA-S19	Control	0.272562083585706
b4	C040-CHA-S20	Control	0.421179302045728
b4	C041-CHA-N01	Control	0.36231884057971
b4	C042-CHA-N02	Control	0.33680342927128
b4	C044-CHA-N04	Control	0.396099939061548
b4	C045-CHA-N05	Control	0.450180072028811
b4	C046-CHA-N06	r3-r4-g1-g2-b4	0
b4	C047-CHA-N07	r3-r4-g1-g2-b4	0
b4	C048-CHA-N08	Control	0.483383685800604
b4	C049-CHA-N09	Control	0.471142520612485
b4	C050-CHA-N10	CON	0
b4	C051-CHA-N11	CON	0
b4	C052-CHA-N12	r3-r4-g2-b3-gy1	0.335570469798658
b4	C054-CHA-N14	Control	0.213154689403167
b4	C055-CHA-N15	CON	0
b4	C056-CHA-N16	Control	0.338253382533825
b4	C057-CHA-N17	Control	0.397310513447433
b4	C058-CHA-N18	Control	0.265173836181497
b4	C059-CHA-N19	r3-r4-g2-b3-gy1	0.39561777236762
b4	C061-CHA-NE01	CON	0
b4	C062-CHA-NE02	Control	0.395136778115502
b4	C063-CHA-NE03	Control	0.455097087378641
b4	C064-CHA-NE04	r3-r4-g1-g2-b4	0
b4	C066-CHA-NE06	Control	0.246305418719212
b4	C067-CHA-NE07	Control	0.242424242424242
b4	C069-CHA-NE09	Control	0.182481751824818
b4	C070-CHA-NE10	Control	0.423728813559322
b4	C071-CHA-NE11	Control	0.353982300884956
b4	C072-CHA-NE12	Control	0.362756952841596
b4	C073-CHA-NE13	r3-r4-g1-g2-b4	0
b4	C074-CHA-NE14	Control	0.360576923076923
b4	C075-CHA-NE15	CON	0
b4	C076-CHA-NE16	Control	0.304878048780488
b4	C077-CHA-NE17	r3-r4-g2-b3-gy1	0.240673886883273
b4	C078-CHA-NE18	r3-r4-g1-g2-b4	0
b4	C079-CHA-NE19	Control	0.3690036900369
b4	C081-CHA-C01	r1-r2-gy1	0
b4	C082-CHA-C02	Control	0.306184935701164
b4	C083-CHA-C03	r3-r4-g1-g2-b4	0
b4	C084-CHA-C04	Control	0.272892662219527
b4	C086-CHA-C06	Control	0.33167495854063
b4	C087-CHA-C07	Control	0.216182828906733
b4	C088-CHA-C08	Control	0.215650030807147
b4	C089-CHA-C09	Control	0.240529164161155
b4	C090-CHA-C10	Control	0.338669950738916
b4	C091-CHA-C11	r3-r4-g1-g2-b4	0
b4	C094-CHA-C14	r3-r4-g1-g2-b4	0
b4	C095-CHA-C15	CON	0
b4	C096-CHA-C16	r3-r4-g2-b3-gy1	0.241984271022384
b4	C097-CHA-C17	Control	0.332728372655777
b4	C099-CHA-C19	Control	0.213284582571603
b4	C100-CHA-C20	Control	0.362756952841596
b4	C102-CZA02	Control	0.66577896138482
b4	C107-CZA07	r3-r4-g1-g2-b4	0
b4	C111-CUG03	Control	0
b4	C112-CUG04	r1-r2-gy1	0
b4	C114-CMG01	Control	0.509898020395921
b4	C116-CMG03	CON	0
b4	C117-CMG04	Control	0.479616306954436
b4	C118-CMG05	Control	0.240818783865141
b4	C120-CKZ02	CON	0
b4	C121-CKZ03	CON	0
b4	C122-CKZ04	CON	0
b4	C127-CZH04	Control	0.360793746241732
b4	C134-CMH01	Control	0.303030303030303
b4	C137-CMH04	Control	0.428396572827417
b4	C138-CMH05	Control	0.419412822049131
b4	C139-CBY01	Control	0.303582270795386
b4	C142-CHU01	Control	0.194741966893866
b4	C144-CHU03	Control	0.423216444981862
b4	C145-CMA01	Control	0.205278592375367
b4	C148-CTJ01	Control	0.240818783865141
b4	C149-CTJ02	Control	0.153092467850582
b4	C150-CTJ03	r1-r2-gy1	0.11997600479904
b4	C151-CHA-E21	Control	0.583538083538083
b4	C152-CKZ06	Control	0.246913580246914
b4	C153-CHA-S21	Control	0.34375
b4	C154-CBA01	r3-r4-g1-g2-b4	0
b4	C156-CBA03	Control	0.363636363636364
b4	KOR01	Control	0.296912114014252
b4	KOR02	Control	0.387365911799762
b4	KOR03	Control	0.381008206330598
b4	KOR04	CON	0
b4	KOR05	Control	0.383028874484384
b4	KOR07	CON	0
g1	C001-CHA-E01	Control	0.296903187011425
g1	C002-CHA-E02	Control	0.348348348348348
g1	C003-CHA-E03	Control	0.368102913825171
g1	C004-CHA-E04	Control	0.289810860280659
g1	C005-CHA-E05	CON	0.307254196642686
g1	C006-CHA-E06	Control	0.31493701259748
g1	C007-CHA-E07	r3-r4-g1-g2-b4	0
g1	C008-CHA-E08	Control	0.365461847389558
g1	C010-CHA-E10	r1-r2-gy1	0
g1	C011-CHA-E11	r3-r4-g2-b3-gy1	0.337049520352606
g1	C012-CHA-E12	Control	0.3254039497307
g1	C013-CHA-E13	Control	0.296386520503451
g1	C014-CHA-E14	Control	0.413658243080626
g1	C015-CHA-E15	Control	0.328746177370031
g1	C016-CHA-E16	r3-r4-g1-g2-b4	0.00547645125958379
g1	C017-CHA-E17	Control	0.330743175931461
g1	C018-CHA-E18	Control	0.37522741055185
g1	C019-CHA-E19	Control	0.304054054054054
g1	C020-CHA-E20	Control	0.268126888217523
g1	C021-CHA-S01	Control	0.333535476046089
g1	C021-CHA-S01_2	Control	0.282356532356532
g1	C022-CHA-S02	Control	0.36050394656952
g1	C023-CHA-S03	Control	0.254404617253949
g1	C023-CHA-S03_2	Control	0.228365384615385
g1	C024-CHA-S04	r1-r2-gy1	0.302114803625378
g1	C024-CHA-S04_2	Control	0.354652321179518
g1	C025-CHA-S05	CON	0.302962298025135
g1	C026-CHA-S06	Control	0.288753799392097
g1	C027-CHA-S07	Control	0.316879951249238
g1	C028-CHA-S08	Control	0.307816929931146
g1	C029-CHA-S09	Control	0.2951283606226
g1	C030-CHA-S10	Control	0.327363034316677
g1	C035-CHA-S15	Control	0.367197062423501
g1	C036-CHA-S16	r1-r2-gy1	0.26550188420692
g1	C037-CHA-S17	Control	0.28022978842651
g1	C038-CHA-S18	Control	0.277524330900243
g1	C039-CHA-S19	Control	0.299061175045427
g1	C040-CHA-S20	Control	0.319645006016847
g1	C041-CHA-N01	Control	0.298158212560386
g1	C042-CHA-N02	Control	0.33680342927128
g1	C044-CHA-N04	Control	0.304692260816575
g1	C045-CHA-N05	Control	0.330132052821128
g1	C046-CHA-N06	r3-r4-g1-g2-b4	0.00499300978629918
g1	C047-CHA-N07	r3-r4-g1-g2-b4	0
g1	C048-CHA-N08	Control	0.290785498489426
g1	C049-CHA-N09	Control	0.290783274440518
g1	C050-CHA-N10	CON	0.294028950542823
g1	C051-CHA-N11	CON	0.318374772589448
g1	C052-CHA-N12	r3-r4-g2-b3-gy1	0.345739271913769
g1	C054-CHA-N14	Control	0.353227771010962
g1	C055-CHA-N15	CON	0.325363196125908
g1	C056-CHA-N16	Control	0.422816728167282
g1	C057-CHA-N17	Control	0.268948655256724
g1	C058-CHA-N18	Control	0.364614024749558
g1	C059-CHA-N19	r3-r4-g2-b3-gy1	0.373300872387908
g1	C061-CHA-NE01	CON	0.278370957901159
g1	C062-CHA-NE02	Control	0.319148936170213
g1	C063-CHA-NE03	Control	0.288228155339806
g1	C064-CHA-NE04	r3-r4-g1-g2-b4	0
g1	C066-CHA-NE06	Control	0.288639162561576
g1	C067-CHA-NE07	Control	0.294949494949495
g1	C069-CHA-NE09	Control	0.283860502838605
g1	C070-CHA-NE10	Control	0.348062953995157
g1	C071-CHA-NE11	Control	0.361356932153392
g1	C072-CHA-NE12	Control	0.286174929463926
g1	C073-CHA-NE13	r3-r4-g1-g2-b4	0.005005005005005
g1	C074-CHA-NE14	Control	0.31650641025641
g1	C075-CHA-NE15	CON	0.351420798065296
g1	C076-CHA-NE16	Control	0.287456445993031
g1	C077-CHA-NE17	r3-r4-g2-b3-gy1	0.282039711191336
g1	C078-CHA-NE18	r3-r4-g1-g2-b4	0
g1	C079-CHA-NE19	Control	0.28059655596556
g1	C081-CHA-C01	r1-r2-gy1	0.362976406533575
g1	C082-CHA-C02	Control	0.310012247397428
g1	C083-CHA-C03	r3-r4-g1-g2-b4	0
g1	C084-CHA-C04	Control	0.307004244996968
g1	C086-CHA-C06	Control	0.35240464344942
g1	C087-CHA-C07	Control	0.324274243360099
g1	C088-CHA-C08	Control	0.292667898952557
g1	C089-CHA-C09	Control	0.300661455201443
g1	C090-CHA-C10	Control	0.334821428571429
g1	C091-CHA-C11	r3-r4-g1-g2-b4	0.00858516483516483
g1	C094-CHA-C14	r3-r4-g1-g2-b4	0
g1	C095-CHA-C15	CON	0.352007189934092
g1	C096-CHA-C16	r3-r4-g2-b3-gy1	0.358943335349869
g1	C097-CHA-C17	Control	0.306261343012704
g1	C099-CHA-C19	Control	0.289457647775747
g1	C100-CHA-C20	Control	0.287182587666264
g1	C102-CZA02	Control	0.345372836218375
g1	C107-CZA07	r3-r4-g1-g2-b4	0
g1	C111-CUG03	Control	0.272191752996141
g1	C112-CUG04	r1-r2-gy1	0.296710009599441
g1	C114-CMG01	Control	0.28119376124775
g1	C116-CMG03	CON	0.2999400119976
g1	C117-CMG04	Control	0.29226618705036
g1	C118-CMG05	Control	0.312311860325105
g1	C120-CKZ02	CON	0.341737545565006
g1	C121-CKZ03	CON	0.371057513914657
g1	C122-CKZ04	CON	0.348712446351931
g1	C127-CZH04	Control	0.278111846061335
g1	C134-CMH01	Control	0.303030303030303
g1	C137-CMH04	Control	0.284140584018185
g1	C138-CMH05	Control	0.27336728579988
g1	C139-CBY01	Control	0.303582270795386
g1	C142-CHU01	Control	0.279941577409932
g1	C144-CHU03	Control	0.33630592503023
g1	C145-CMA01	Control	0.282258064516129
g1	C148-CTJ01	Control	0.232791491069637
g1	C149-CTJ02	Control	0.287048377219841
g1	C150-CTJ03	r1-r2-gy1	0.37992401519696
g1	C151-CHA-E21	Control	0.341676904176904
g1	C152-CKZ06	Control	0.362654320987654
g1	C153-CHA-S21	Control	0.341666666666667
g1	C154-CBA01	r3-r4-g1-g2-b4	0
g1	C156-CBA03	Control	0.29004329004329
g1	KOR01	Control	0.356294536817102
g1	KOR02	Control	0.268176400476758
g1	KOR03	Control	0.289419695193435
g1	KOR04	CON	0.215895784543326
g1	KOR05	Control	0.276222746022392
g1	KOR07	CON	0.175233644859813
g2/g3	C001-CHA-E01	Control	0.676488274203247
g2/g3	C002-CHA-E02	Control	0.592592592592592
g2/g3	C003-CHA-E03	Control	0.561841289522629
g2/g3	C004-CHA-E04	Control	0.52242220866382
g2/g3	C005-CHA-E05	CON	0.543315347721822
g2/g3	C006-CHA-E06	Control	0.476154769046191
g2/g3	C007-CHA-E07	r3-r4-g1-g2-b4	0.636833046471601
g2/g3	C008-CHA-E08	Control	0.606425702811245
g2/g3	C010-CHA-E10	r1-r2-gy1	0.424242424242424
g2/g3	C011-CHA-E11	r3-r4-g2-b3-gy1	0.306801486474808
g2/g3	C012-CHA-E12	Control	0.647067624177139
g2/g3	C013-CHA-E13	Control	0.588712951684937
g2/g3	C014-CHA-E14	Control	0.605445246690734
g2/g3	C015-CHA-E15	Control	0.703363914373089
g2/g3	C016-CHA-E16	r3-r4-g1-g2-b4	0.432639649507119
g2/g3	C017-CHA-E17	Control	0.57780434349472
g2/g3	C018-CHA-E18	Control	0.530624620982413
g2/g3	C019-CHA-E19	Control	0.54054054054054
g2/g3	C020-CHA-E20	Control	0.577794561933535
g2/g3	C021-CHA-S01	Control	0.568526379624015
g2/g3	C021-CHA-S01_2	Control	0.522741147741148
g2/g3	C022-CHA-S02	Control	0.588190649666059
g2/g3	C023-CHA-S03	Control	0.6113304981774
g2/g3	C023-CHA-S03_2	Control	0.584935897435898
g2/g3	C024-CHA-S04	r1-r2-gy1	0.322255790533736
g2/g3	C024-CHA-S04_2	Control	0.514046622833234
g2/g3	C025-CHA-S05	CON	0.624625972471574
g2/g3	C026-CHA-S06	Control	0.596504559270517
g2/g3	C027-CHA-S07	Control	0.617509648588259
g2/g3	C028-CHA-S08	Control	0.704738760631834
g2/g3	C029-CHA-S09	Control	0.477056802102284
g2/g3	C030-CHA-S10	Control	0.553130644190247
g2/g3	C035-CHA-S15	Control	0.657894736842105
g2/g3	C036-CHA-S16	r1-r2-gy1	0.355429941760877
g2/g3	C037-CHA-S17	Control	0.499743122693942
g2/g3	C038-CHA-S18	Control	0.593065693430657
g2/g3	C039-CHA-S19	Control	0.639763779527559
g2/g3	C040-CHA-S20	Control	0.537755716004813
g2/g3	C041-CHA-N01	Control	0.588768115942029
g2/g3	C042-CHA-N02	Control	0.474586650336804
g2/g3	C044-CHA-N04	Control	0.632236441194394
g2/g3	C045-CHA-N05	Control	0.506452581032413
g2/g3	C046-CHA-N06	r3-r4-g1-g2-b4	0.374475733972439
g2/g3	C047-CHA-N07	r3-r4-g1-g2-b4	0.425149700598802
g2/g3	C048-CHA-N08	Control	0.585347432024169
g2/g3	C049-CHA-N09	Control	0.533716136631331
g2/g3	C050-CHA-N10	CON	0.716224366706876
g2/g3	C051-CHA-N11	CON	0.667070952092177
g2/g3	C052-CHA-N12	r3-r4-g2-b3-gy1	0.353874313605857
g2/g3	C054-CHA-N14	Control	0.625253755582623
g2/g3	C055-CHA-N15	CON	0.62046004842615
g2/g3	C056-CHA-N16	Control	0.730319803198032
g2/g3	C057-CHA-N17	Control	0.537897310513447
g2/g3	C058-CHA-N18	Control	0.71817913965822
g2/g3	C059-CHA-N19	r3-r4-g2-b3-gy1	0.284033272469061
g2/g3	C061-CHA-NE01	CON	0.579621720561318
g2/g3	C062-CHA-NE02	Control	0.577507598784195
g2/g3	C063-CHA-NE03	Control	0.640928398058253
g2/g3	C064-CHA-NE04	r3-r4-g1-g2-b4	0.59161301548634
g2/g3	C066-CHA-NE06	Control	0.688885467980295
g2/g3	C067-CHA-NE07	Control	0.521212121212121
g2/g3	C069-CHA-NE09	Control	0.592051905920519
g2/g3	C070-CHA-NE10	Control	0.559927360774818
g2/g3	C071-CHA-NE11	Control	0.619469026548673
g2/g3	C072-CHA-NE12	Control	0.592503022974607
g2/g3	C073-CHA-NE13	r3-r4-g1-g2-b4	0.575575575575575
g2/g3	C074-CHA-NE14	Control	0.508814102564103
g2/g3	C075-CHA-NE15	CON	0.66127569528416
g2/g3	C076-CHA-NE16	Control	0.509581881533101
g2/g3	C077-CHA-NE17	r3-r4-g2-b3-gy1	0.233152827918171
g2/g3	C078-CHA-NE18	r3-r4-g1-g2-b4	0.570209802385305
g2/g3	C079-CHA-NE19	Control	0.64960024600246
g2/g3	C081-CHA-C01	r1-r2-gy1	0.228023640001861
g2/g3	C082-CHA-C02	Control	0.562614819350888
g2/g3	C083-CHA-C03	r3-r4-g1-g2-b4	0.46408393866021
g2/g3	C084-CHA-C04	Control	0.727713765918738
g2/g3	C086-CHA-C06	Control	0.563156440022112
g2/g3	C087-CHA-C07	Control	0.667850525015442
g2/g3	C088-CHA-C08	Control	0.577634011090573
g2/g3	C089-CHA-C09	Control	0.597564642212868
g2/g3	C090-CHA-C10	Control	0.369458128078818
g2/g3	C091-CHA-C11	r3-r4-g1-g2-b4	0.394917582417582
g2/g3	C094-CHA-C14	r3-r4-g1-g2-b4	0.379708383961118
g2/g3	C095-CHA-C15	CON	0.591671659676453
g2/g3	C096-CHA-C16	r3-r4-g2-b3-gy1	0.258116555757209
g2/g3	C097-CHA-C17	Control	0.608741681790684
g2/g3	C099-CHA-C19	Control	0.537020109689214
g2/g3	C100-CHA-C20	Control	0.578143893591294
g2/g3	C102-CZA02	Control	0.561750998668442
g2/g3	C107-CZA07	r3-r4-g1-g2-b4	0.43134872417983
g2/g3	C111-CUG03	Control	0.564696323380053
g2/g3	C112-CUG04	r1-r2-gy1	0.362160747011083
g2/g3	C114-CMG01	Control	0.588632273545291
g2/g3	C116-CMG03	CON	0.746100779844031
g2/g3	C117-CMG04	Control	0.745653477218225
g2/g3	C118-CMG05	Control	0.632149307645996
g2/g3	C120-CKZ02	CON	0.554374240583232
g2/g3	C121-CKZ03	CON	0.579777365491651
g2/g3	C122-CKZ04	CON	0.513488657265481
g2/g3	C127-CZH04	Control	0.552465423932652
g2/g3	C134-CMH01	Control	0.602272727272727
g2/g3	C137-CMH04	Control	0.581395348837209
g2/g3	C138-CMH05	Control	0.490563211503895
g2/g3	C139-CBY01	Control	0.690649666059502
g2/g3	C142-CHU01	Control	0.444255111976631
g2/g3	C144-CHU03	Control	0.559250302297461
g2/g3	C145-CMA01	Control	0.527859237536657
g2/g3	C148-CTJ01	Control	0.549869556492073
g2/g3	C149-CTJ02	Control	0.535823637477036
g2/g3	C150-CTJ03	r1-r2-gy1	0.367926414717056
g2/g3	C151-CHA-E21	Control	0.66031941031941
g2/g3	C152-CKZ06	Control	0.555555555555556
g2/g3	C153-CHA-S21	Control	0.508333333333333
g2/g3	C154-CBA01	r3-r4-g1-g2-b4	0.443101711983887
g2/g3	C156-CBA03	Control	0.597402597402597
g2/g3	KOR01	Control	0.525958601968103
g2/g3	KOR02	Control	0.566150178784267
g2/g3	KOR03	Control	0.516559202813599
g2/g3	KOR04	CON	0.695257611241218
g2/g3	KOR05	Control	0.578226281673542
g2/g3	KOR07	CON	0.58776285046729
g3	C001-CHA-E01	Control	0.450992182802165
g3	C002-CHA-E02	Control	0.27027027027027
g3	C003-CHA-E03	Control	0.402975821450713
g3	C004-CHA-E04	Control	0.350823672971324
g3	C005-CHA-E05	CON	0
g3	C006-CHA-E06	Control	0.434913017396521
g3	C007-CHA-E07	r3-r4-g1-g2-b4	0.768072289156626
g3	C008-CHA-E08	Control	0.331325301204819
g3	C010-CHA-E10	r1-r2-gy1	0
g3	C011-CHA-E11	r3-r4-g2-b3-gy1	0.362976406533575
g3	C012-CHA-E12	Control	0.314183123877917
g3	C013-CHA-E13	Control	0.334957369062119
g3	C014-CHA-E14	Control	0.451263537906137
g3	C015-CHA-E15	Control	0.321100917431193
g3	C016-CHA-E16	r3-r4-g1-g2-b4	0.481927710843373
g3	C017-CHA-E17	Control	0.418410041841004
g3	C018-CHA-E18	Control	0.469981807155852
g3	C019-CHA-E19	Control	0.27027027027027
g3	C020-CHA-E20	Control	0.392749244712991
g3	C021-CHA-S01	Control	0.485142510612492
g3	C021-CHA-S01_2	Control	0.28998778998779
g3	C022-CHA-S02	Control	0.516089860352155
g3	C023-CHA-S03	Control	0.303766707168894
g3	C023-CHA-S03_2	Control	0.345552884615385
g3	C024-CHA-S04	r1-r2-gy1	0.256797583081571
g3	C024-CHA-S04_2	Control	0.403466826060968
g3	C025-CHA-S05	CON	0
g3	C026-CHA-S06	Control	0.364741641337386
g3	C027-CHA-S07	Control	0.457038391224863
g3	C028-CHA-S08	Control	0.273390036452005
g3	C029-CHA-S09	Control	0.636749545178896
g3	C030-CHA-S10	Control	0.195665261890427
g3	C035-CHA-S15	Control	0.413096695226438
g3	C036-CHA-S16	r1-r2-gy1	0
g3	C037-CHA-S17	Control	0.42501517911354
g3	C038-CHA-S18	Control	0.304136253041362
g3	C039-CHA-S19	Control	0.317989097516657
g3	C040-CHA-S20	Control	0.315884476534296
g3	C041-CHA-N01	Control	0.377415458937198
g3	C042-CHA-N02	Control	0.443968156766687
g3	C044-CHA-N04	Control	0.319926873857404
g3	C045-CHA-N05	Control	0.285114045618247
g3	C046-CHA-N06	r3-r4-g1-g2-b4	0.359496704613541
g3	C047-CHA-N07	r3-r4-g1-g2-b4	0.459081836327345
g3	C048-CHA-N08	Control	0.332326283987915
g3	C049-CHA-N09	Control	0.441696113074205
g3	C050-CHA-N10	CON	0
g3	C051-CHA-N11	CON	0
g3	C052-CHA-N12	r3-r4-g2-b3-gy1	0.335570469798658
g3	C054-CHA-N14	Control	0.502436053593179
g3	C055-CHA-N15	CON	0
g3	C056-CHA-N16	Control	0.30750307503075
g3	C057-CHA-N17	Control	0.412591687041565
g3	C058-CHA-N18	Control	0.265173836181497
g3	C059-CHA-N19	r3-r4-g2-b3-gy1	0.486914181375533
g3	C061-CHA-NE01	CON	0
g3	C062-CHA-NE02	Control	0.364741641337386
g3	C063-CHA-NE03	Control	0.439927184466019
g3	C064-CHA-NE04	r3-r4-g1-g2-b4	0.933820544051969
g3	C066-CHA-NE06	Control	0.41564039408867
g3	C067-CHA-NE07	Control	0.333333333333333
g3	C069-CHA-NE09	Control	0.380170316301703
g3	C070-CHA-NE10	Control	0.348062953995157
g3	C071-CHA-NE11	Control	0.28023598820059
g3	C072-CHA-NE12	Control	0.423216444981862
g3	C073-CHA-NE13	r3-r4-g1-g2-b4	0.795795795795796
g3	C074-CHA-NE14	Control	0.180288461538462
g3	C075-CHA-NE15	CON	0.0151148730350665
g3	C076-CHA-NE16	Control	0.442073170731707
g3	C077-CHA-NE17	r3-r4-g2-b3-gy1	0.330926594464501
g3	C078-CHA-NE18	r3-r4-g1-g2-b4	0.807434491163924
g3	C079-CHA-NE19	Control	0.445879458794588
g3	C081-CHA-C01	r1-r2-gy1	0.347852389594676
g3	C082-CHA-C02	Control	0.443968156766687
g3	C083-CHA-C03	r3-r4-g1-g2-b4	0.564971751412429
g3	C084-CHA-C04	Control	0.37901758641601
g3	C086-CHA-C06	Control	0.23493642896628
g3	C087-CHA-C07	Control	0.262507720815318
g3	C088-CHA-C08	Control	0.369685767097967
g3	C089-CHA-C09	Control	0.526157546602526
g3	C090-CHA-C10	Control	0.41564039408867
g3	C091-CHA-C11	r3-r4-g1-g2-b4	0.300480769230769
g3	C094-CHA-C14	r3-r4-g1-g2-b4	0.303766707168894
g3	C095-CHA-C15	CON	0
g3	C096-CHA-C16	r3-r4-g2-b3-gy1	0.378100423472474
g3	C097-CHA-C17	Control	0.362976406533575
g3	C099-CHA-C19	Control	0.411334552102377
g3	C100-CHA-C20	Control	0.30229746070133
g3	C102-CZA02	Control	0.499334221038615
g3	C107-CZA07	r3-r4-g1-g2-b4	0.455650060753341
g3	C111-CUG03	Control	0.36563071297989
g3	C112-CUG04	r1-r2-gy1	0.0610873549175321
g3	C114-CMG01	Control	0.419916016796641
g3	C116-CMG03	CON	0
g3	C117-CMG04	Control	0.254796163069544
g3	C118-CMG05	Control	0.45153521974714
g3	C120-CKZ02	CON	0
g3	C121-CKZ03	CON	0
g3	C122-CKZ04	CON	0
g3	C127-CZH04	Control	0.360793746241732
g3	C134-CMH01	Control	0.424242424242424
g3	C137-CMH04	Control	0.275397796817625
g3	C138-CMH05	Control	0.434391851408029
g3	C139-CBY01	Control	0.318761384335155
g3	C142-CHU01	Control	0.243427458617332
g3	C144-CHU03	Control	0.438331318016929
g3	C145-CMA01	Control	0.337243401759531
g3	C148-CTJ01	Control	0.391330523780855
g3	C149-CTJ02	Control	0.306184935701164
g3	C150-CTJ03	r1-r2-gy1	0
g3	C151-CHA-E21	Control	0.276412776412776
g3	C152-CKZ06	Control	0.524691358024691
g3	C153-CHA-S21	Control	0.375
g3	C154-CBA01	r3-r4-g1-g2-b4	0.362537764350453
g3	C156-CBA03	Control	0.181818181818182
g3	KOR01	Control	0.296912114014252
g3	KOR02	Control	0.372467222884386
g3	KOR03	Control	0.395662368112544
g3	KOR04	CON	0
g3	KOR05	Control	0.206246317030053
g3	KOR07	CON	0
gy1	C001-CHA-E01	Control	0.336740829825616
gy1	C002-CHA-E02	Control	0.228228228228228
gy1	C003-CHA-E03	Control	0.27898326100434
gy1	C004-CHA-E04	Control	0.305064063453325
gy1	C005-CHA-E05	CON	0.0839328537170264
gy1	C006-CHA-E06	Control	0.323935212957408
gy1	C007-CHA-E07	r3-r4-g1-g2-b4	0.602409638554217
gy1	C008-CHA-E08	Control	0.225903614457831
gy1	C010-CHA-E10	r1-r2-gy1	0.278787878787879
gy1	C011-CHA-E11	r3-r4-g2-b3-gy1	0.020165355918532
gy1	C012-CHA-E12	Control	0.203470975463794
gy1	C013-CHA-E13	Control	0.23142509135201
gy1	C014-CHA-E14	Control	0.348977135980746
gy1	C015-CHA-E15	Control	0.293577981651376
gy1	C016-CHA-E16	r3-r4-g1-g2-b4	0.614457831325301
gy1	C017-CHA-E17	Control	0.418410041841004
gy1	C018-CHA-E18	Control	0.278956943602183
gy1	C019-CHA-E19	Control	0.285285285285285
gy1	C020-CHA-E20	Control	0.253776435045317
gy1	C021-CHA-S01	Control	0.39417828987265
gy1	C021-CHA-S01_2	Control	0.183150183150183
gy1	C022-CHA-S02	Control	0.364298724954463
gy1	C023-CHA-S03	Control	0.364520048602673
gy1	C023-CHA-S03_2	Control	0.264423076923077
gy1	C024-CHA-S04	r1-r2-gy1	0
gy1	C024-CHA-S04_2	Control	0.283921099820681
gy1	C025-CHA-S05	CON	0.0957510472770796
gy1	C026-CHA-S06	Control	0.364741641337386
gy1	C027-CHA-S07	Control	0.377818403412553
gy1	C028-CHA-S08	Control	0.291616038882138
gy1	C029-CHA-S09	Control	0.257731958762887
gy1	C030-CHA-S10	Control	0.301023479831427
gy1	C035-CHA-S15	Control	0.428396572827417
gy1	C036-CHA-S16	r1-r2-gy1	0
gy1	C037-CHA-S17	Control	0.255009107468124
gy1	C038-CHA-S18	Control	0.258515815085158
gy1	C039-CHA-S19	Control	0.257419745608722
gy1	C040-CHA-S20	Control	0.312876052948255
gy1	C041-CHA-N01	Control	0.422705314009662
gy1	C042-CHA-N02	Control	0.244947948560931
gy1	C044-CHA-N04	Control	0.289457647775747
gy1	C045-CHA-N05	Control	0.300120048019208
gy1	C046-CHA-N06	r3-r4-g1-g2-b4	0.323547034152187
gy1	C047-CHA-N07	r3-r4-g1-g2-b4	0.215568862275449
gy1	C048-CHA-N08	Control	0.374622356495468
gy1	C049-CHA-N09	Control	0.247349823321555
gy1	C050-CHA-N10	CON	0.0361881785283474
gy1	C051-CHA-N11	CON	0.0242571255306246
gy1	C052-CHA-N12	r3-r4-g2-b3-gy1	0
gy1	C054-CHA-N14	Control	0.280146163215591
gy1	C055-CHA-N15	CON	0.036319612590799
gy1	C056-CHA-N16	Control	0.31980319803198
gy1	C057-CHA-N17	Control	0.281173594132029
gy1	C058-CHA-N18	Control	0.695344725987036
gy1	C059-CHA-N19	r3-r4-g2-b3-gy1	0
gy1	C061-CHA-NE01	CON	0.061012812690665
gy1	C062-CHA-NE02	Control	0.303951367781155
gy1	C063-CHA-NE03	Control	0.339805825242718
gy1	C064-CHA-NE04	r3-r4-g1-g2-b4	0.633373934226553
gy1	C066-CHA-NE06	Control	0.389983579638752
gy1	C067-CHA-NE07	Control	0.290909090909091
gy1	C069-CHA-NE09	Control	0.288929440389294
gy1	C070-CHA-NE10	Control	0.278450363196126
gy1	C071-CHA-NE11	Control	0.224188790560472
gy1	C072-CHA-NE12	Control	0.362756952841596
gy1	C073-CHA-NE13	r3-r4-g1-g2-b4	0.552552552552553
gy1	C074-CHA-NE14	Control	0.276442307692308
gy1	C075-CHA-NE15	CON	0
gy1	C076-CHA-NE16	Control	0.24390243902439
gy1	C077-CHA-NE17	r3-r4-g2-b3-gy1	0
gy1	C078-CHA-NE18	r3-r4-g1-g2-b4	0.761730652041438
gy1	C079-CHA-NE19	Control	0.38130381303813
gy1	C082-CHA-C02	Control	0.330679730557257
gy1	C083-CHA-C03	r3-r4-g1-g2-b4	0.423728813559322
gy1	C084-CHA-C04	Control	0.291085506367495
gy1	C086-CHA-C06	Control	0.287451630735213
gy1	C087-CHA-C07	Control	0.457072266831377
gy1	C088-CHA-C08	Control	0.320394331484904
gy1	C089-CHA-C09	Control	0.42092603728202
gy1	C090-CHA-C10	Control	0.446428571428571
gy1	C091-CHA-C11	r3-r4-g1-g2-b4	0.649038461538462
gy1	C094-CHA-C14	r3-r4-g1-g2-b4	0.765492102065613
gy1	C095-CHA-C15	CON	0.0599161174355902
gy1	C096-CHA-C16	r3-r4-g2-b3-gy1	0
gy1	C097-CHA-C17	Control	0.314579552329099
gy1	C099-CHA-C19	Control	0.350396099939062
gy1	C100-CHA-C20	Control	0.217654171704958
gy1	C102-CZA02	Control	0.449400798934754
gy1	C107-CZA07	r3-r4-g1-g2-b4	0.583232077764277
gy1	C111-CUG03	Control	0.24375380865326
gy1	C112-CUG04	r1-r2-gy1	0
gy1	C114-CMG01	Control	0.347930413917217
gy1	C116-CMG03	CON	0.0359928014397121
gy1	C117-CMG04	Control	0.239808153477218
gy1	C118-CMG05	Control	0.276941601444913
gy1	C120-CKZ02	CON	0.243013365735115
gy1	C121-CKZ03	CON	0.235003092145949
gy1	C122-CKZ04	CON	0.0919681177191907
gy1	C127-CZH04	Control	0.380837843255161
gy1	C134-CMH01	Control	0.181818181818182
gy1	C137-CMH04	Control	0.367197062423501
gy1	C138-CMH05	Control	0.311563810665069
gy1	C139-CBY01	Control	0.327868852459016
gy1	C142-CHU01	Control	0.255598831548199
gy1	C144-CHU03	Control	0.256952841596131
gy1	C145-CMA01	Control	0.304985337243402
gy1	C148-CTJ01	Control	0.301023479831427
gy1	C149-CTJ02	Control	0.229638701775873
gy1	C150-CTJ03	r1-r2-gy1	0
gy1	C151-CHA-E21	Control	0.322481572481572
gy1	C152-CKZ06	Control	0.432098765432099
gy1	C153-CHA-S21	Control	0.265625
gy1	C154-CBA01	r3-r4-g1-g2-b4	0.290030211480363
gy1	C156-CBA03	Control	0.181818181818182
gy1	KOR01	Control	0.190023752969121
gy1	KOR02	Control	0.297973778307509
gy1	KOR03	Control	0.422039859320047
gy1	KOR04	CON	0.0702576112412178
gy1	KOR05	Control	0.400707130229817
gy1	KOR07	CON	0.0700934579439252
gy2	C001-CHA-E01	Control	0.408899579073963
gy2	C002-CHA-E02	Control	0.3003003003003
gy2	C003-CHA-E03	Control	0.294482331060136
gy2	C004-CHA-E04	Control	0.329469188529591
gy2	C005-CHA-E05	CON	0.539568345323741
gy2	C006-CHA-E06	Control	0.359928014397121
gy2	C007-CHA-E07	r3-r4-g1-g2-b4	0.180722891566265
gy2	C008-CHA-E08	Control	0.271084337349398
gy2	C010-CHA-E10	r1-r2-gy1	0.327272727272727
gy2	C011-CHA-E11	r3-r4-g2-b3-gy1	0.362976406533575
gy2	C012-CHA-E12	Control	0.311190903650509
gy2	C013-CHA-E13	Control	0.304506699147381
gy2	C014-CHA-E14	Control	0.252707581227437
gy2	C015-CHA-E15	Control	0.36697247706422
gy2	C016-CHA-E16	r3-r4-g1-g2-b4	0.63855421686747
gy2	C017-CHA-E17	Control	0.119545726240287
gy2	C018-CHA-E18	Control	0.266828380836871
gy2	C019-CHA-E19	Control	0.315315315315315
gy2	C020-CHA-E20	Control	0.181268882175227
gy2	C021-CHA-S01	Control	0.257731958762887
gy2	C021-CHA-S01_2	Control	0.378510378510379
gy2	C022-CHA-S02	Control	0.267152398299939
gy2	C023-CHA-S03	Control	0.340218712029162
gy2	C023-CHA-S03_2	Control	0.228365384615385
gy2	C024-CHA-S04	r1-r2-gy1	0.332326283987915
gy2	C024-CHA-S04_2	Control	0.283921099820681
gy2	C025-CHA-S05	CON	0.478755236385398
gy2	C026-CHA-S06	Control	0.364741641337386
gy2	C027-CHA-S07	Control	0.304692260816575
gy2	C028-CHA-S08	Control	0.279465370595383
gy2	C029-CHA-S09	Control	0.409338993329291
gy2	C030-CHA-S10	Control	0.228777844671884
gy2	C035-CHA-S15	Control	0.321297429620563
gy2	C036-CHA-S16	r1-r2-gy1	0.449640287769784
gy2	C037-CHA-S17	Control	0.303582270795386
gy2	C038-CHA-S18	Control	0.288929440389294
gy2	C039-CHA-S19	Control	0.211992731677771
gy2	C040-CHA-S20	Control	0.312876052948255
gy2	C041-CHA-N01	Control	0.338164251207729
gy2	C042-CHA-N02	Control	0.367421922841396
gy2	C044-CHA-N04	Control	0.258988421694089
gy2	C045-CHA-N05	Control	0.255102040816327
gy2	C046-CHA-N06	r3-r4-g1-g2-b4	0.287597363690833
gy2	C047-CHA-N07	r3-r4-g1-g2-b4	0.251497005988024
gy2	C048-CHA-N08	Control	0.253776435045317
gy2	C049-CHA-N09	Control	0.259128386336867
gy2	C050-CHA-N10	CON	0.615199034981906
gy2	C051-CHA-N11	CON	0.545785324439054
gy2	C052-CHA-N12	r3-r4-g2-b3-gy1	0.386414480374212
gy2	C054-CHA-N14	Control	0.401948842874543
gy2	C055-CHA-N15	CON	0.605326876513317
gy2	C056-CHA-N16	Control	0.30750307503075
gy2	C057-CHA-N17	Control	0.342298288508557
gy2	C058-CHA-N18	Control	0.318208603417796
gy2	C059-CHA-N19	r3-r4-g2-b3-gy1	0.426049908703591
gy2	C061-CHA-NE01	CON	0.48810250152532
gy2	C062-CHA-NE02	Control	0.364741641337386
gy2	C063-CHA-NE03	Control	0.29126213592233
gy2	C064-CHA-NE04	r3-r4-g1-g2-b4	0.341047503045067
gy2	C066-CHA-NE06	Control	0.431034482758621
gy2	C067-CHA-NE07	Control	0.242424242424242
gy2	C069-CHA-NE09	Control	0.228102189781022
gy2	C070-CHA-NE10	Control	0.314769975786925
gy2	C071-CHA-NE11	Control	0.176991150442478
gy2	C072-CHA-NE12	Control	0.217654171704958
gy2	C073-CHA-NE13	r3-r4-g1-g2-b4	0.18018018018018
gy2	C074-CHA-NE14	Control	0.228365384615385
gy2	C075-CHA-NE15	CON	0.634824667472793
gy2	C076-CHA-NE16	Control	0.25609756097561
gy2	C077-CHA-NE17	r3-r4-g2-b3-gy1	0.36101083032491
gy2	C078-CHA-NE18	r3-r4-g1-g2-b4	0
gy2	C079-CHA-NE19	Control	0.31980319803198
gy2	C082-CHA-C02	Control	0.35517452541335
gy2	C083-CHA-C03	r3-r4-g1-g2-b4	0.351089588377724
gy2	C084-CHA-C04	Control	0.303214069132808
gy2	C086-CHA-C06	Control	0.287451630735213
gy2	C087-CHA-C07	Control	0.370599135268684
gy2	C088-CHA-C08	Control	0.258780036968577
gy2	C089-CHA-C09	Control	0.255562236921227
gy2	C090-CHA-C10	Control	0.384852216748769
gy2	C091-CHA-C11	r3-r4-g1-g2-b4	0.240384615384615
gy2	C094-CHA-C14	r3-r4-g1-g2-b4	0.303766707168894
gy2	C095-CHA-C15	CON	0.524266027561414
gy2	C096-CHA-C16	r3-r4-g2-b3-gy1	0.423472474289171
gy2	C097-CHA-C17	Control	0.387174833635814
gy2	C099-CHA-C19	Control	0.258988421694089
gy2	C100-CHA-C20	Control	0.278113663845224
gy2	C102-CZA02	Control	0.266311584553928
gy2	C107-CZA07	r3-r4-g1-g2-b4	0.364520048602673
gy2	C111-CUG03	Control	0.24375380865326
gy2	C112-CUG04	r1-r2-gy1	0.407249032783547
gy2	C114-CMG01	Control	0.383923215356929
gy2	C116-CMG03	CON	0.659868026394721
gy2	C117-CMG04	Control	0.251798561151079
gy2	C118-CMG05	Control	0.361228175797712
gy2	C120-CKZ02	CON	0.425273390036452
gy2	C121-CKZ03	CON	0.54421768707483
gy2	C122-CKZ04	CON	0.582464745554874
gy2	C127-CZH04	Control	0.240529164161155
gy2	C134-CMH01	Control	0.484848484848485
gy2	C137-CMH04	Control	0.285597715218278
gy2	C138-CMH05	Control	0.383463151587777
gy2	C139-CBY01	Control	0.364298724954463
gy2	C142-CHU01	Control	0.279941577409932
gy2	C144-CHU03	Control	0.332527206771463
gy2	C145-CMA01	Control	0.328445747800586
gy2	C148-CTJ01	Control	0.228777844671884
gy2	C149-CTJ02	Control	0.290875688916105
gy2	C150-CTJ03	r1-r2-gy1	0.379924015196961
gy2	C151-CHA-E21	Control	0.353194103194103
gy2	C152-CKZ06	Control	0.209876543209877
gy2	C153-CHA-S21	Control	0.375
gy2	C154-CBA01	r3-r4-g1-g2-b4	0.253776435045317
gy2	C156-CBA03	Control	0.315151515151515
gy2	KOR01	Control	0.308788598574822
gy2	KOR02	Control	0.178784266984505
gy2	KOR03	Control	0.304806565064478
gy2	KOR04	CON	0.456674473067916
gy2	KOR05	Control	0.341779611078374
gy2	KOR07	CON	0.408878504672897
r1	C001-CHA-E01	Control	0.601322910402886
r1	C002-CHA-E02	Control	0.42042042042042
r1	C003-CHA-E03	Control	0.619962802231866
r1	C004-CHA-E04	Control	0.183038438071995
r1	C005-CHA-E05	CON	0.479616306954436
r1	C006-CHA-E06	Control	0.11997600479904
r1	C007-CHA-E07	r3-r4-g1-g2-b4	0.783132530120482
r1	C008-CHA-E08	Control	0.421686746987952
r1	C010-CHA-E10	r1-r2-gy1	0
r1	C011-CHA-E11	r3-r4-g2-b3-gy1	0.423472474289171
r1	C012-CHA-E12	Control	0.478755236385398
r1	C013-CHA-E13	Control	0.243605359317905
r1	C014-CHA-E14	Control	0.300842358604091
r1	C015-CHA-E15	Control	0.55045871559633
r1	C016-CHA-E16	r3-r4-g1-g2-b4	0.421686746987952
r1	C017-CHA-E17	Control	0.17931858936043
r1	C018-CHA-E18	Control	0.303214069132808
r1	C019-CHA-E19	Control	0.36036036036036
r1	C020-CHA-E20	Control	0.422960725075529
r1	C021-CHA-S01	Control	0.181928441479685
r1	C021-CHA-S01_2	Control	0.549450549450549
r1	C022-CHA-S02	Control	0.303582270795386
r1	C023-CHA-S03	Control	0.243013365735115
r1	C023-CHA-S03_2	Control	0.300480769230769
r1	C024-CHA-S04	r1-r2-gy1	0
r1	C024-CHA-S04_2	Control	0.717274357441721
r1	C025-CHA-S05	CON	0.418910831837223
r1	C026-CHA-S06	Control	0.303951367781155
r1	C027-CHA-S07	Control	0.548446069469835
r1	C028-CHA-S08	Control	0.850546780072904
r1	C029-CHA-S09	Control	0.303214069132808
r1	C030-CHA-S10	Control	0.541842263696568
r1	C035-CHA-S15	Control	0.428396572827417
r1	C036-CHA-S16	r1-r2-gy1	0
r1	C037-CHA-S17	Control	0.364298724954463
r1	C038-CHA-S18	Control	0.364963503649635
r1	C039-CHA-S19	Control	0.302846759539673
r1	C040-CHA-S20	Control	0.240673886883273
r1	C041-CHA-N01	Control	0.603864734299517
r1	C042-CHA-N02	Control	0.489895897121862
r1	C044-CHA-N04	Control	0.731261425959781
r1	C045-CHA-N05	Control	0.480192076830732
r1	C046-CHA-N06	r3-r4-g1-g2-b4	1.01857399640503
r1	C047-CHA-N07	r3-r4-g1-g2-b4	0.538922155688623
r1	C048-CHA-N08	Control	0.604229607250755
r1	C049-CHA-N09	Control	0.471142520612485
r1	C050-CHA-N10	CON	0.60313630880579
r1	C051-CHA-N11	CON	0.363856882959369
r1	C052-CHA-N12	r3-r4-g2-b3-gy1	0.305064063453325
r1	C054-CHA-N14	Control	0.730816077953715
r1	C055-CHA-N15	CON	0.121065375302663
r1	C056-CHA-N16	Control	0.2460024600246
r1	C057-CHA-N17	Control	0.366748166259169
r1	C058-CHA-N18	Control	0.530347672362994
r1	C059-CHA-N19	r3-r4-g2-b3-gy1	0.426049908703591
r1	C061-CHA-NE01	CON	0.854179377669311
r1	C062-CHA-NE02	Control	0.547112462006079
r1	C063-CHA-NE03	Control	0.546116504854369
r1	C064-CHA-NE04	r3-r4-g1-g2-b4	0.426309378806334
r1	C066-CHA-NE06	Control	0.184729064039409
r1	C067-CHA-NE07	Control	0.303030303030303
r1	C069-CHA-NE09	Control	0.608272506082725
r1	C070-CHA-NE10	Control	0.242130750605327
r1	C071-CHA-NE11	Control	0.471976401179941
r1	C072-CHA-NE12	Control	0.60459492140266
r1	C073-CHA-NE13	r3-r4-g1-g2-b4	0.660660660660661
r1	C074-CHA-NE14	Control	0.480769230769231
r1	C075-CHA-NE15	CON	0.060459492140266
r1	C076-CHA-NE16	Control	0.304878048780488
r1	C077-CHA-NE17	r3-r4-g2-b3-gy1	0.300842358604091
r1	C078-CHA-NE18	r3-r4-g1-g2-b4	0.792199878123096
r1	C079-CHA-NE19	Control	0.615006150061501
r1	C081-CHA-C01	r1-r2-gy1	0
r1	C082-CHA-C02	Control	0.306184935701164
r1	C083-CHA-C03	r3-r4-g1-g2-b4	0.605326876513317
r1	C084-CHA-C04	Control	0.667070952092177
r1	C086-CHA-C06	Control	0.33167495854063
r1	C087-CHA-C07	Control	0.494132180358246
r1	C088-CHA-C08	Control	0.492914356130622
r1	C089-CHA-C09	Control	0.180396873120866
r1	C090-CHA-C10	Control	0.492610837438424
r1	C091-CHA-C11	r3-r4-g1-g2-b4	0.600961538461538
r1	C094-CHA-C14	r3-r4-g1-g2-b4	0.121506682867558
r1	C095-CHA-C15	CON	0.359496704613541
r1	C096-CHA-C16	r3-r4-g2-b3-gy1	0.483968542044767
r1	C097-CHA-C17	Control	0.0604960677555959
r1	C099-CHA-C19	Control	0.36563071297989
r1	C100-CHA-C20	Control	0.120918984280532
r1	C102-CZA02	Control	0.199733688415446
r1	C107-CZA07	r3-r4-g1-g2-b4	0.54678007290401
r1	C111-CUG03	Control	0.182815356489945
r1	C112-CUG04	r1-r2-gy1	0
r1	C114-CMG01	Control	0.2999400119976
r1	C116-CMG03	CON	0.2999400119976
r1	C117-CMG04	Control	0.359712230215827
r1	C118-CMG05	Control	0.301023479831427
r1	C120-CKZ02	CON	0.425273390036452
r1	C121-CKZ03	CON	0.309214594928881
r1	C122-CKZ04	CON	0.306560392397302
r1	C127-CZH04	Control	1.32291040288635
r1	C134-CMH01	Control	0.242424242424242
r1	C137-CMH04	Control	0.611995104039168
r1	C138-CMH05	Control	0.239664469742361
r1	C139-CBY01	Control	0.485731633272617
r1	C142-CHU01	Control	0.389483933787731
r1	C144-CHU03	Control	0.665054413542926
r1	C145-CMA01	Control	0.527859237536657
r1	C148-CTJ01	Control	0.301023479831427
r1	C149-CTJ02	Control	0.489895897121862
r1	C150-CTJ03	r1-r2-gy1	0
r1	C151-CHA-E21	Control	0.245700245700246
r1	C152-CKZ06	Control	0.308641975308642
r1	C153-CHA-S21	Control	0.6875
r1	C154-CBA01	r3-r4-g1-g2-b4	0.241691842900302
r1	C156-CBA03	Control	0.424242424242424
r1	KOR01	Control	0.296912114014252
r1	KOR02	Control	0.178784266984505
r1	KOR03	Control	0.293083235638921
r1	KOR04	CON	0.351288056206089
r1	KOR05	Control	0.176782557454331
r1	KOR07	CON	0.525700934579439
r2	C001-CHA-E01	Control	0.0601322910402886
r2	C002-CHA-E02	Control	0
r2	C003-CHA-E03	Control	0.0619962802231866
r2	C004-CHA-E04	Control	0
r2	C005-CHA-E05	CON	0.0599520383693046
r2	C006-CHA-E06	Control	0.0599880023995201
r2	C007-CHA-E07	r3-r4-g1-g2-b4	0.0602409638554217
r2	C008-CHA-E08	Control	0.0602409638554217
r2	C010-CHA-E10	r1-r2-gy1	0
r2	C011-CHA-E11	r3-r4-g2-b3-gy1	0.181488203266788
r2	C012-CHA-E12	Control	0.239377618192699
r2	C013-CHA-E13	Control	0.365408038976857
r2	C014-CHA-E14	Control	0.180505415162455
r2	C015-CHA-E15	Control	0.091743119266055
r2	C016-CHA-E16	r3-r4-g1-g2-b4	1.14457831325301
r2	C017-CHA-E17	Control	0.119545726240287
r2	C018-CHA-E18	Control	0.0606428138265616
r2	C019-CHA-E19	Control	0.0600600600600601
r2	C020-CHA-E20	Control	0.181268882175227
r2	C021-CHA-S01	Control	0.181928441479685
r2	C021-CHA-S01_2	Control	0.183150183150183
r2	C022-CHA-S02	Control	0.0607164541590771
r2	C023-CHA-S03	Control	0.243013365735115
r2	C023-CHA-S03_2	Control	0.210336538461538
r2	C024-CHA-S04	r1-r2-gy1	0
r2	C024-CHA-S04_2	Control	0.119545726240287
r2	C025-CHA-S05	CON	0.299222022740874
r2	C026-CHA-S06	Control	0.121580547112462
r2	C027-CHA-S07	Control	0.12187690432663
r2	C028-CHA-S08	Control	0.121506682867558
r2	C029-CHA-S09	Control	0.303214069132808
r2	C030-CHA-S10	Control	0.180614087898856
r2	C035-CHA-S15	Control	0.244798041615667
r2	C037-CHA-S17	Control	0.242865816636308
r2	C038-CHA-S18	Control	0.425790754257908
r2	C039-CHA-S19	Control	0.242277407631738
r2	C040-CHA-S20	Control	0
r2	C041-CHA-N01	Control	0.271739130434783
r2	C042-CHA-N02	Control	0.0612369871402327
r2	C044-CHA-N04	Control	0.24375380865326
r2	C045-CHA-N05	Control	0.180072028811525
r2	C047-CHA-N07	r3-r4-g1-g2-b4	0.29940119760479
r2	C048-CHA-N08	Control	0.181268882175227
r2	C049-CHA-N09	Control	0.176678445229682
r2	C050-CHA-N10	CON	0
r2	C051-CHA-N11	CON	0.242571255306246
r2	C052-CHA-N12	r3-r4-g2-b3-gy1	0.213544844417328
r2	C054-CHA-N14	Control	0.0609013398294762
r2	C055-CHA-N15	CON	0.181598062953995
r2	C056-CHA-N16	Control	0.18450184501845
r2	C057-CHA-N17	Control	0.275061124694377
r2	C058-CHA-N18	Control	0.294637595757219
r2	C061-CHA-NE01	CON	0.305064063453325
r2	C062-CHA-NE02	Control	0.121580547112462
r2	C063-CHA-NE03	Control	0.242718446601942
r2	C064-CHA-NE04	r3-r4-g1-g2-b4	0.334957369062119
r2	C066-CHA-NE06	Control	0.123152709359606
r2	C067-CHA-NE07	Control	0
r2	C069-CHA-NE09	Control	0.152068126520681
r2	C070-CHA-NE10	Control	0
r2	C071-CHA-NE11	Control	0.117994100294985
r2	C072-CHA-NE12	Control	0
r2	C073-CHA-NE13	r3-r4-g1-g2-b4	0.15015015015015
r2	C074-CHA-NE14	Control	0.0600961538461538
r2	C075-CHA-NE15	CON	0.181378476420798
r2	C076-CHA-NE16	Control	0.121951219512195
r2	C077-CHA-NE17	r3-r4-g2-b3-gy1	0.180505415162455
r2	C078-CHA-NE18	r3-r4-g1-g2-b4	0
r2	C079-CHA-NE19	Control	0.030750307503075
r2	C081-CHA-C01	r1-r2-gy1	0
r2	C082-CHA-C02	Control	0.122473974280465
r2	C084-CHA-C04	Control	0.242571255306246
r2	C086-CHA-C06	Control	0.110558319513543
r2	C087-CHA-C07	Control	0.123533045089561
r2	C089-CHA-C09	Control	0.150330727600722
r2	C090-CHA-C10	Control	0.061576354679803
r2	C091-CHA-C11	r3-r4-g1-g2-b4	0.300480769230769
r2	C094-CHA-C14	r3-r4-g1-g2-b4	0.577156743620899
r2	C095-CHA-C15	CON	0.0599161174355902
r2	C096-CHA-C16	r3-r4-g2-b3-gy1	0.120992135511192
r2	C097-CHA-C17	Control	0.241984271022384
r2	C100-CHA-C20	Control	0.211608222490931
r2	C102-CZA02	Control	0.266311584553928
r2	C107-CZA07	r3-r4-g1-g2-b4	0.364520048602673
r2	C111-CUG03	Control	0.12187690432663
r2	C114-CMG01	Control	0.0599880023995201
r2	C116-CMG03	CON	0.0599880023995201
r2	C117-CMG04	Control	0.179856115107914
r2	C118-CMG05	Control	0.120409391932571
r2	C121-CKZ03	CON	0.0618429189857761
r2	C122-CKZ04	CON	0.0613120784794605
r2	C127-CZH04	Control	0.120264582080577
r2	C134-CMH01	Control	0.121212121212121
r2	C137-CMH04	Control	0.18359853121175
r2	C138-CMH05	Control	0.11983223487118
r2	C139-CBY01	Control	0.273224043715847
r2	C142-CHU01	Control	0.146056475170399
r2	C144-CHU03	Control	0.181378476420798
r2	C145-CMA01	Control	0.146627565982405
r2	C148-CTJ01	Control	0.120409391932571
r2	C149-CTJ02	Control	0.244947948560931
r2	C151-CHA-E21	Control	0.184275184275184
r2	C152-CKZ06	Control	0.0617283950617284
r2	C153-CHA-S21	Control	0.125
r2	C156-CBA03	Control	0.0606060606060606
r2	KOR01	Control	0.0890736342042755
r2	KOR02	Control	0.119189511323004
r2	KOR03	Control	0.117233294255569
r2	KOR05	Control	0.0589275191514437
r3/r4	C001-CHA-E01	Control	0.666265784726398
r3/r4	C002-CHA-E02	Control	0.672672672672673
r3/r4	C003-CHA-E03	Control	0.743955362678239
r3/r4	C004-CHA-E04	Control	0.583282489322758
r3/r4	C005-CHA-E05	CON	0.424460431654676
r3/r4	C006-CHA-E06	Control	0.605096372029941
r3/r4	C007-CHA-E07	r3-r4-g1-g2-b4	0
r3/r4	C008-CHA-E08	Control	0.640060240963855
r3/r4	C010-CHA-E10	r1-r2-gy1	0.682476943346509
r3/r4	C011-CHA-E11	r3-r4-g2-b3-gy1	0
r3/r4	C012-CHA-E12	Control	0.696588868940754
r3/r4	C013-CHA-E13	Control	0.596833130328867
r3/r4	C014-CHA-E14	Control	0.664259927797834
r3/r4	C015-CHA-E15	Control	0.716819571865443
r3/r4	C016-CHA-E16	r3-r4-g1-g2-b4	0
r3/r4	C017-CHA-E17	Control	0.588164973102211
r3/r4	C018-CHA-E18	Control	0.717606630280978
r3/r4	C019-CHA-E19	Control	0.708708708708709
r3/r4	C020-CHA-E20	Control	0.575226586102719
r3/r4	C021-CHA-S01	Control	0.62098241358399
r3/r4	C021-CHA-S01_2	Control	0.581196581196581
r3/r4	C022-CHA-S02	Control	0.665452337583485
r3/r4	C023-CHA-S03	Control	0.69501822600243
r3/r4	C023-CHA-S03_2	Control	0.735576923076923
r3/r4	C024-CHA-S04	r1-r2-gy1	0.690923420464994
r3/r4	C024-CHA-S04_2	Control	0.590555887627017
r3/r4	C025-CHA-S05	CON	0.61280670257331
r3/r4	C026-CHA-S06	Control	0.551975683890578
r3/r4	C027-CHA-S07	Control	0.689823278488726
r3/r4	C028-CHA-S08	Control	0.71445929526124
r3/r4	C029-CHA-S09	Control	0.715585203153426
r3/r4	C030-CHA-S10	Control	0.597230583985551
r3/r4	C035-CHA-S15	Control	0.753977968176255
r3/r4	C036-CHA-S16	r1-r2-gy1	0.628193097695756
r3/r4	C037-CHA-S17	Control	0.629022465088038
r3/r4	C038-CHA-S18	Control	0.666666666666667
r3/r4	C039-CHA-S19	Control	0.651726226529376
r3/r4	C040-CHA-S20	Control	0.596871239470517
r3/r4	C041-CHA-N01	Control	0.666666666666667
r3/r4	C042-CHA-N02	Control	0.600122473974281
r3/r4	C044-CHA-N04	Control	0.616697135892748
r3/r4	C045-CHA-N05	Control	0.602641056422569
r3/r4	C046-CHA-N06	r3-r4-g1-g2-b4	0
r3/r4	C047-CHA-N07	r3-r4-g1-g2-b4	0
r3/r4	C048-CHA-N08	Control	0.548640483383686
r3/r4	C049-CHA-N09	Control	0.56301531213192
r3/r4	C050-CHA-N10	CON	0.499396863691195
r3/r4	C051-CHA-N11	CON	0.565191024863554
r3/r4	C052-CHA-N12	r3-r4-g2-b3-gy1	0.00508440105755542
r3/r4	C054-CHA-N14	Control	0.64068209500609
r3/r4	C055-CHA-N15	CON	0.493946731234867
r3/r4	C056-CHA-N16	Control	0.720069700697007
r3/r4	C057-CHA-N17	Control	0.591687041564792
r3/r4	C058-CHA-N18	Control	0.610489098408957
r3/r4	C059-CHA-N19	r3-r4-g2-b3-gy1	0
r3/r4	C061-CHA-NE01	CON	0.593044539353265
r3/r4	C062-CHA-NE02	Control	0.729483282674772
r3/r4	C063-CHA-NE03	Control	0.711165048543689
r3/r4	C064-CHA-NE04	r3-r4-g1-g2-b4	0.0048721071863581
r3/r4	C066-CHA-NE06	Control	0.66256157635468
r3/r4	C067-CHA-NE07	Control	0.542929292929293
r3/r4	C069-CHA-NE09	Control	0.562043795620438
r3/r4	C070-CHA-NE10	Control	0.619854721549637
r3/r4	C071-CHA-NE11	Control	0.651327433628319
r3/r4	C072-CHA-NE12	Control	0.570737605804111
r3/r4	C073-CHA-NE13	r3-r4-g1-g2-b4	0.00480480480480481
r3/r4	C074-CHA-NE14	Control	0.584134615384616
r3/r4	C075-CHA-NE15	CON	0.442563482466747
r3/r4	C076-CHA-NE16	Control	0.597560975609756
r3/r4	C077-CHA-NE17	r3-r4-g2-b3-gy1	0.00286516532003897
r3/r4	C078-CHA-NE18	r3-r4-g1-g2-b4	0.0048750761730652
r3/r4	C079-CHA-NE19	Control	0.681426814268143
r3/r4	C081-CHA-C01	r1-r2-gy1	0.720453170543915
r3/r4	C082-CHA-C02	Control	0.627679118187386
r3/r4	C083-CHA-C03	r3-r4-g1-g2-b4	0
r3/r4	C084-CHA-C04	Control	0.667070952092177
r3/r4	C086-CHA-C06	Control	0.539524599226092
r3/r4	C087-CHA-C07	Control	0.607782581840642
r3/r4	C088-CHA-C08	Control	0.687615526802218
r3/r4	C089-CHA-C09	Control	0.63740228502706
r3/r4	C090-CHA-C10	Control	0.63115763546798
r3/r4	C091-CHA-C11	r3-r4-g1-g2-b4	0.00240384615384616
r3/r4	C094-CHA-C14	r3-r4-g1-g2-b4	0
r3/r4	C095-CHA-C15	CON	0.58478130617136
r3/r4	C096-CHA-C16	r3-r4-g2-b3-gy1	0
r3/r4	C097-CHA-C17	Control	0.745311554748942
r3/r4	C099-CHA-C19	Control	0.611923623806622
r3/r4	C100-CHA-C20	Control	0.564288593309149
r3/r4	C102-CZA02	Control	0.764314247669774
r3/r4	C107-CZA07	r3-r4-g1-g2-b4	0
r3/r4	C111-CUG03	Control	0.528945764777574
r3/r4	C112-CUG04	r1-r2-gy1	0.559560171044594
r3/r4	C114-CMG01	Control	0.621475704859028
r3/r4	C116-CMG03	CON	0.453509298140372
r3/r4	C117-CMG04	Control	0.625899280575539
r3/r4	C118-CMG05	Control	0.592414208308248
r3/r4	C120-CKZ02	CON	0.597812879708384
r3/r4	C121-CKZ03	CON	0.566481137909709
r3/r4	C122-CKZ04	CON	0.610668301655426
r3/r4	C127-CZH04	Control	0.546001202645821
r3/r4	C134-CMH01	Control	0.618181818181818
r3/r4	C137-CMH04	Control	0.577723378212975
r3/r4	C138-CMH05	Control	0.635110844817256
r3/r4	C139-CBY01	Control	0.546448087431694
r3/r4	C142-CHU01	Control	0.53554040895813
r3/r4	C144-CHU03	Control	0.582829504232164
r3/r4	C145-CMA01	Control	0.593548387096774
r3/r4	C148-CTJ01	Control	0.611679711017459
r3/r4	C149-CTJ02	Control	0.574096754439682
r3/r4	C150-CTJ03	r1-r2-gy1	0.699860027994401
r3/r4	C151-CHA-E21	Control	0.656019656019656
r3/r4	C152-CKZ06	Control	0.602469135802469
r3/r4	C153-CHA-S21	Control	0.778645833333333
r3/r4	C154-CBA01	r3-r4-g1-g2-b4	0
r3/r4	C156-CBA03	Control	0.651515151515151
r3/r4	KOR01	Control	0.658155186064925
r3/r4	KOR02	Control	0.555423122765197
r3/r4	KOR03	Control	0.569753810082063
r3/r4	KOR04	CON	0.559718969555036
r3/r4	KOR05	Control	0.615203299941072
r3/r4	KOR07	CON	0.591121495327103
r4	C001-CHA-E01	Control	0.661455201443175
r4	C002-CHA-E02	Control	0.0600600600600601
r4	C003-CHA-E03	Control	0.247985120892746
r4	C004-CHA-E04	Control	0.427089688834655
r4	C005-CHA-E05	CON	0.419664268585132
r4	C006-CHA-E06	Control	0.419916016796641
r4	C007-CHA-E07	r3-r4-g1-g2-b4	0
r4	C008-CHA-E08	Control	0.120481927710843
r4	C010-CHA-E10	r1-r2-gy1	0
r4	C011-CHA-E11	r3-r4-g2-b3-gy1	0
r4	C012-CHA-E12	Control	0.658288450029922
r4	C013-CHA-E13	Control	0
r4	C014-CHA-E14	Control	0.120336943441637
r4	C015-CHA-E15	Control	0.18348623853211
r4	C016-CHA-E16	r3-r4-g1-g2-b4	0
r4	C017-CHA-E17	Control	0.358637178720861
r4	C018-CHA-E18	Control	0.242571255306246
r4	C019-CHA-E19	Control	0.480480480480481
r4	C020-CHA-E20	Control	0.302114803625378
r4	C021-CHA-S01	Control	0.181928441479685
r4	C021-CHA-S01_2	Control	0.122100122100122
r4	C022-CHA-S02	Control	0.42501517911354
r4	C023-CHA-S03	Control	0.243013365735115
r4	C023-CHA-S03_2	Control	0.180288461538462
r4	C024-CHA-S04	r1-r2-gy1	0.302114803625378
r4	C024-CHA-S04_2	Control	0.239091452480574
r4	C025-CHA-S05	CON	0.179533213644524
r4	C026-CHA-S06	Control	0.303951367781155
r4	C027-CHA-S07	Control	0.182815356489945
r4	C028-CHA-S08	Control	0.182260024301337
r4	C029-CHA-S09	Control	0.0606428138265616
r4	C030-CHA-S10	Control	0.120409391932571
r4	C035-CHA-S15	Control	0.244798041615667
r4	C036-CHA-S16	r1-r2-gy1	0.479616306954436
r4	C037-CHA-S17	Control	0.303582270795386
r4	C038-CHA-S18	Control	0
r4	C039-CHA-S19	Control	0.484554815263477
r4	C040-CHA-S20	Control	0.300842358604091
r4	C041-CHA-N01	Control	0.36231884057971
r4	C042-CHA-N02	Control	0.367421922841396
r4	C044-CHA-N04	Control	0.0609384521633151
r4	C045-CHA-N05	Control	0.120048019207683
r4	C046-CHA-N06	r3-r4-g1-g2-b4	0
r4	C047-CHA-N07	r3-r4-g1-g2-b4	0
r4	C048-CHA-N08	Control	0.362537764350453
r4	C049-CHA-N09	Control	0.235571260306243
r4	C050-CHA-N10	CON	0.180940892641737
r4	C051-CHA-N11	CON	0.121285627653123
r4	C052-CHA-N12	r3-r4-g2-b3-gy1	0
r4	C054-CHA-N14	Control	0.365408038976857
r4	C055-CHA-N15	CON	0.121065375302663
r4	C056-CHA-N16	Control	0.18450184501845
r4	C057-CHA-N17	Control	0.305623471882641
r4	C058-CHA-N18	Control	0
r4	C059-CHA-N19	r3-r4-g2-b3-gy1	0
r4	C061-CHA-NE01	CON	0.061012812690665
r4	C062-CHA-NE02	Control	0.486322188449848
r4	C063-CHA-NE03	Control	0.182038834951456
r4	C064-CHA-NE04	r3-r4-g1-g2-b4	0
r4	C066-CHA-NE06	Control	0.246305418719212
r4	C067-CHA-NE07	Control	0.121212121212121
r4	C069-CHA-NE09	Control	0.304136253041362
r4	C070-CHA-NE10	Control	0.121065375302663
r4	C071-CHA-NE11	Control	0
r4	C072-CHA-NE12	Control	0.241837968561064
r4	C073-CHA-NE13	r3-r4-g1-g2-b4	0
r4	C074-CHA-NE14	Control	0.540865384615385
r4	C075-CHA-NE15	CON	0.30229746070133
r4	C076-CHA-NE16	Control	0.365853658536585
r4	C077-CHA-NE17	r3-r4-g2-b3-gy1	0
r4	C078-CHA-NE18	r3-r4-g1-g2-b4	0
r4	C079-CHA-NE19	Control	0
r4	C081-CHA-C01	r1-r2-gy1	0.0604960677555959
r4	C082-CHA-C02	Control	0
r4	C083-CHA-C03	r3-r4-g1-g2-b4	0
r4	C084-CHA-C04	Control	0.121285627653123
r4	C086-CHA-C06	Control	0.442233278054174
r4	C087-CHA-C07	Control	0.308832612723904
r4	C088-CHA-C08	Control	0.369685767097967
r4	C089-CHA-C09	Control	0.300661455201443
r4	C090-CHA-C10	Control	0.246305418719212
r4	C091-CHA-C11	r3-r4-g1-g2-b4	0
r4	C094-CHA-C14	r3-r4-g1-g2-b4	0
r4	C095-CHA-C15	CON	0.359496704613541
r4	C096-CHA-C16	r3-r4-g2-b3-gy1	0
r4	C097-CHA-C17	Control	0.181488203266788
r4	C099-CHA-C19	Control	0.36563071297989
r4	C100-CHA-C20	Control	0.181378476420798
r4	C102-CZA02	Control	0.266311584553928
r4	C107-CZA07	r3-r4-g1-g2-b4	0
r4	C111-CUG03	Control	0.12187690432663
r4	C112-CUG04	r1-r2-gy1	0.916310323762981
r4	C114-CMG01	Control	0.2999400119976
r4	C116-CMG03	CON	0.17996400719856
r4	C117-CMG04	Control	0.179856115107914
r4	C118-CMG05	Control	0.481637567730283
r4	C120-CKZ02	CON	0.364520048602673
r4	C121-CKZ03	CON	0.432900432900433
r4	C122-CKZ04	CON	0.245248313917842
r4	C127-CZH04	Control	0.180396873120866
r4	C134-CMH01	Control	0.181818181818182
r4	C137-CMH04	Control	0.244798041615667
r4	C138-CMH05	Control	0.0599161174355902
r4	C139-CBY01	Control	0.242865816636308
r4	C142-CHU01	Control	0.340798442064265
r4	C144-CHU03	Control	0.665054413542926
r4	C145-CMA01	Control	0.351906158357771
r4	C148-CTJ01	Control	0.301023479831427
r4	C149-CTJ02	Control	0.306184935701164
r4	C150-CTJ03	r1-r2-gy1	0.2999400119976
r4	C151-CHA-E21	Control	0.184275184275184
r4	C152-CKZ06	Control	0.185185185185185
r4	C153-CHA-S21	Control	0.0625
r4	C154-CBA01	r3-r4-g1-g2-b4	0
r4	C156-CBA03	Control	0.303030303030303
r4	KOR01	Control	0.415676959619952
r4	KOR02	Control	0.119189511323004
r4	KOR03	Control	0.175849941383353
r4	KOR04	CON	0.234192037470726
r4	KOR05	Control	0.176782557454331
r4	KOR07	CON	0.292056074766355
